[debug] [2019-06-02T20:43:40.321Z] ----------------------------------------------------------------------
[debug] [2019-06-02T20:43:40.325Z] Command:       C:\Program Files\nodejs\node.exe C:\Users\winne\AppData\Roaming\npm\node_modules\firebase-tools\lib\bin\firebase.js deploy
[debug] [2019-06-02T20:43:40.325Z] CLI Version:   6.10.0
[debug] [2019-06-02T20:43:40.325Z] Platform:      win32
[debug] [2019-06-02T20:43:40.325Z] Node Version:  v8.11.4
[debug] [2019-06-02T20:43:40.326Z] Time:          Mon Jun 03 2019 02:28:40 GMT+0545 (Nepal Standard Time)
[debug] [2019-06-02T20:43:40.326Z] ----------------------------------------------------------------------
[debug] 
[debug] [2019-06-02T20:43:40.343Z] > command requires scopes: ["email","openid","https://www.googleapis.com/auth/cloudplatformprojects.readonly","https://www.googleapis.com/auth/firebase","https://www.googleapis.com/auth/cloud-platform"]
[debug] [2019-06-02T20:43:40.344Z] > authorizing via signed-in user
[debug] [2019-06-02T20:43:40.344Z] [iam] checking project nija-smoothies for permissions ["cloudfunctions.functions.create","cloudfunctions.functions.delete","cloudfunctions.functions.get","cloudfunctions.functions.list","cloudfunctions.functions.update","cloudfunctions.operations.get","datastore.indexes.create","datastore.indexes.delete","datastore.indexes.list","datastore.indexes.update","firebase.projects.get","firebasehosting.sites.update"]
[debug] [2019-06-02T20:43:40.347Z] >>> HTTP REQUEST POST https://cloudresourcemanager.googleapis.com/v1/projects/nija-smoothies:testIamPermissions  

[debug] [2019-06-02T20:43:42.185Z] <<< HTTP RESPONSE 200
[debug] [2019-06-02T20:43:42.187Z] >>> HTTP REQUEST GET https://firebase.googleapis.com/v1beta1/projects/nija-smoothies  
 
[debug] [2019-06-02T20:43:42.883Z] <<< HTTP RESPONSE 200
[info] 
[info] === Deploying to 'nija-smoothies'...
[info] 
[info] i  deploying firestore, functions, hosting
[info] i  firestore: checking firestore.rules for compilation errors...
[info] i  firestore: reading indexes from firestore.indexes.json...
[debug] [2019-06-02T20:43:47.642Z] >>> HTTP REQUEST POST https://firebaserules.googleapis.com/v1/projects/nija-smoothies:test  

[debug] [2019-06-02T20:43:49.470Z] <<< HTTP RESPONSE 200
[info] +  firestore: rules file firestore.rules compiled successfully
[debug] [2019-06-02T20:43:49.475Z] > [functions] package.json contents: {
  "name": "functions",
  "description": "Cloud Functions for Firebase",
  "scripts": {
    "serve": "firebase serve --only functions",
    "shell": "firebase functions:shell",
    "start": "npm run shell",
    "deploy": "firebase deploy --only functions",
    "logs": "firebase functions:log"
  },
  "engines": {
    "node": "8"
  },
  "dependencies": {
    "firebase-admin": "~7.0.0",
    "firebase-functions": "^2.3.0"
  },
  "devDependencies": {
    "firebase-functions-test": "^0.1.6"
  },
  "private": true
}
[info] i  functions: ensuring necessary APIs are enabled...
[debug] [2019-06-02T20:43:49.477Z] >>> HTTP REQUEST GET https://servicemanagement.googleapis.com/v1/services/cloudfunctions.googleapis.com/projectSettings/nija-smoothies?view=CONSUMER_VIEW  
 
[debug] [2019-06-02T20:43:49.477Z] >>> HTTP REQUEST GET https://servicemanagement.googleapis.com/v1/services/runtimeconfig.googleapis.com/projectSettings/nija-smoothies?view=CONSUMER_VIEW  
 
[debug] [2019-06-02T20:43:52.160Z] <<< HTTP RESPONSE 200
[info] +  functions: all necessary APIs are enabled
[debug] [2019-06-02T20:43:52.213Z] <<< HTTP RESPONSE 200
[debug] [2019-06-02T20:43:52.214Z] >>> HTTP REQUEST GET https://cloudresourcemanager.googleapis.com/v1/projects/nija-smoothies  
 
[debug] [2019-06-02T20:43:53.858Z] <<< HTTP RESPONSE 200
[debug] [2019-06-02T20:43:53.859Z] >>> HTTP REQUEST GET https://mobilesdk-pa.googleapis.com/v1/projects/528085674573:getServerAppConfig  
 
[debug] [2019-06-02T20:43:54.646Z] <<< HTTP RESPONSE 200
[debug] [2019-06-02T20:43:54.648Z] >>> HTTP REQUEST POST https://firebasehosting.googleapis.com/v1beta1/sites/nija-smoothies/versions  

[debug] [2019-06-02T20:44:06.733Z] <<< HTTP RESPONSE 503
[debug] [2019-06-02T20:44:06.733Z] <<< HTTP RESPONSE BODY
[error] 
[error] Error: HTTP Error: 503, The service is currently unavailable.
[debug] [2019-06-02T20:44:07.188Z] Error Context: {
  "body": {
    "error": {
      "code": 503,
      "message": "The service is currently unavailable.",
      "status": "UNAVAILABLE"
    }
  },
  "response": {
    "statusCode": 503,
    "body": {
      "error": {
        "code": 503,
        "message": "The service is currently unavailable.",
        "status": "UNAVAILABLE"
      }
    },
    "headers": {
      "vary": "X-Origin, Referer, Origin,Accept-Encoding",
      "content-type": "application/json; charset=UTF-8",
      "date": "Sun, 02 Jun 2019 20:44:07 GMT",
      "server": "ESF",
      "cache-control": "private",
      "x-xss-protection": "0",
      "x-frame-options": "SAMEORIGIN",
      "x-content-type-options": "nosniff",
      "alt-svc": "quic=\":443\"; ma=2592000; v=\"46,44,43,39\"",
      "accept-ranges": "none",
      "transfer-encoding": "chunked"
    },
    "request": {
      "uri": {
        "protocol": "https:",
        "slashes": true,
        "auth": null,
        "host": "firebasehosting.googleapis.com",
        "port": 443,
        "hostname": "firebasehosting.googleapis.com",
        "hash": null,
        "search": null,
        "query": null,
        "pathname": "/v1beta1/sites/nija-smoothies/versions",
        "path": "/v1beta1/sites/nija-smoothies/versions",
        "href": "https://firebasehosting.googleapis.com/v1beta1/sites/nija-smoothies/versions"
      },
      "method": "POST"
    }
  }
}
[debug] [2019-06-02T20:46:55.262Z] ----------------------------------------------------------------------
[debug] [2019-06-02T20:46:55.265Z] Command:       C:\Program Files\nodejs\node.exe C:\Users\winne\AppData\Roaming\npm\node_modules\firebase-tools\lib\bin\firebase.js deploy
[debug] [2019-06-02T20:46:55.265Z] CLI Version:   6.10.0
[debug] [2019-06-02T20:46:55.265Z] Platform:      win32
[debug] [2019-06-02T20:46:55.265Z] Node Version:  v8.11.4
[debug] [2019-06-02T20:46:55.266Z] Time:          Mon Jun 03 2019 02:31:55 GMT+0545 (Nepal Standard Time)
[debug] [2019-06-02T20:46:55.266Z] ----------------------------------------------------------------------
[debug] 
[debug] [2019-06-02T20:46:55.278Z] > command requires scopes: ["email","openid","https://www.googleapis.com/auth/cloudplatformprojects.readonly","https://www.googleapis.com/auth/firebase","https://www.googleapis.com/auth/cloud-platform"]
[debug] [2019-06-02T20:46:55.279Z] > authorizing via signed-in user
[debug] [2019-06-02T20:46:55.279Z] [iam] checking project nija-smoothies for permissions ["cloudfunctions.functions.create","cloudfunctions.functions.delete","cloudfunctions.functions.get","cloudfunctions.functions.list","cloudfunctions.functions.update","cloudfunctions.operations.get","datastore.indexes.create","datastore.indexes.delete","datastore.indexes.list","datastore.indexes.update","firebase.projects.get","firebasehosting.sites.update"]
[debug] [2019-06-02T20:46:55.283Z] >>> HTTP REQUEST POST https://cloudresourcemanager.googleapis.com/v1/projects/nija-smoothies:testIamPermissions  

[debug] [2019-06-02T20:46:57.079Z] <<< HTTP RESPONSE 200
[debug] [2019-06-02T20:46:57.082Z] >>> HTTP REQUEST GET https://firebase.googleapis.com/v1beta1/projects/nija-smoothies  
 
[debug] [2019-06-02T20:46:57.904Z] <<< HTTP RESPONSE 200
[info] 
[info] === Deploying to 'nija-smoothies'...
[info] 
[info] i  deploying firestore, functions, hosting
[info] i  firestore: checking firestore.rules for compilation errors...
[info] i  firestore: reading indexes from firestore.indexes.json...
[debug] [2019-06-02T20:47:01.481Z] >>> HTTP REQUEST POST https://firebaserules.googleapis.com/v1/projects/nija-smoothies:test  

[debug] [2019-06-02T20:47:03.288Z] <<< HTTP RESPONSE 200
[info] +  firestore: rules file firestore.rules compiled successfully
[debug] [2019-06-02T20:47:03.291Z] > [functions] package.json contents: {
  "name": "functions",
  "description": "Cloud Functions for Firebase",
  "scripts": {
    "serve": "firebase serve --only functions",
    "shell": "firebase functions:shell",
    "start": "npm run shell",
    "deploy": "firebase deploy --only functions",
    "logs": "firebase functions:log"
  },
  "engines": {
    "node": "8"
  },
  "dependencies": {
    "firebase-admin": "~7.0.0",
    "firebase-functions": "^2.3.0"
  },
  "devDependencies": {
    "firebase-functions-test": "^0.1.6"
  },
  "private": true
}
[info] i  functions: ensuring necessary APIs are enabled...
[debug] [2019-06-02T20:47:03.293Z] >>> HTTP REQUEST GET https://servicemanagement.googleapis.com/v1/services/cloudfunctions.googleapis.com/projectSettings/nija-smoothies?view=CONSUMER_VIEW  
 
[debug] [2019-06-02T20:47:03.293Z] >>> HTTP REQUEST GET https://servicemanagement.googleapis.com/v1/services/runtimeconfig.googleapis.com/projectSettings/nija-smoothies?view=CONSUMER_VIEW  
 
[debug] [2019-06-02T20:47:06.241Z] <<< HTTP RESPONSE 200
[debug] [2019-06-02T20:47:06.625Z] <<< HTTP RESPONSE 200
[info] +  functions: all necessary APIs are enabled
[debug] [2019-06-02T20:47:06.627Z] >>> HTTP REQUEST GET https://cloudresourcemanager.googleapis.com/v1/projects/nija-smoothies  
 
[debug] [2019-06-02T20:47:08.266Z] <<< HTTP RESPONSE 200
[debug] [2019-06-02T20:47:08.266Z] >>> HTTP REQUEST GET https://mobilesdk-pa.googleapis.com/v1/projects/528085674573:getServerAppConfig  
 
[debug] [2019-06-02T20:47:08.973Z] <<< HTTP RESPONSE 200
[debug] [2019-06-02T20:47:08.975Z] >>> HTTP REQUEST POST https://firebasehosting.googleapis.com/v1beta1/sites/nija-smoothies/versions  

[debug] [2019-06-02T20:47:20.938Z] <<< HTTP RESPONSE 503
[debug] [2019-06-02T20:47:20.938Z] <<< HTTP RESPONSE BODY
[error] 
[error] Error: HTTP Error: 503, The service is currently unavailable.
[debug] [2019-06-02T20:47:21.383Z] Error Context: {
  "body": {
    "error": {
      "code": 503,
      "message": "The service is currently unavailable.",
      "status": "UNAVAILABLE"
    }
  },
  "response": {
    "statusCode": 503,
    "body": {
      "error": {
        "code": 503,
        "message": "The service is currently unavailable.",
        "status": "UNAVAILABLE"
      }
    },
    "headers": {
      "vary": "X-Origin, Referer, Origin,Accept-Encoding",
      "content-type": "application/json; charset=UTF-8",
      "date": "Sun, 02 Jun 2019 20:47:21 GMT",
      "server": "ESF",
      "cache-control": "private",
      "x-xss-protection": "0",
      "x-frame-options": "SAMEORIGIN",
      "x-content-type-options": "nosniff",
      "alt-svc": "quic=\":443\"; ma=2592000; v=\"46,44,43,39\"",
      "accept-ranges": "none",
      "transfer-encoding": "chunked"
    },
    "request": {
      "uri": {
        "protocol": "https:",
        "slashes": true,
        "auth": null,
        "host": "firebasehosting.googleapis.com",
        "port": 443,
        "hostname": "firebasehosting.googleapis.com",
        "hash": null,
        "search": null,
        "query": null,
        "pathname": "/v1beta1/sites/nija-smoothies/versions",
        "path": "/v1beta1/sites/nija-smoothies/versions",
        "href": "https://firebasehosting.googleapis.com/v1beta1/sites/nija-smoothies/versions"
      },
      "method": "POST"
    }
  }
}
[debug] [2019-06-02T20:56:20.789Z] ----------------------------------------------------------------------
[debug] [2019-06-02T20:56:20.793Z] Command:       C:\Program Files\nodejs\node.exe C:\Users\winne\AppData\Roaming\npm\node_modules\firebase-tools\lib\bin\firebase.js deploy
[debug] [2019-06-02T20:56:20.793Z] CLI Version:   6.10.0
[debug] [2019-06-02T20:56:20.793Z] Platform:      win32
[debug] [2019-06-02T20:56:20.793Z] Node Version:  v8.11.4
[debug] [2019-06-02T20:56:20.794Z] Time:          Mon Jun 03 2019 02:41:20 GMT+0545 (Nepal Standard Time)
[debug] [2019-06-02T20:56:20.794Z] ----------------------------------------------------------------------
[debug] 
[debug] [2019-06-02T20:56:20.811Z] > command requires scopes: ["email","openid","https://www.googleapis.com/auth/cloudplatformprojects.readonly","https://www.googleapis.com/auth/firebase","https://www.googleapis.com/auth/cloud-platform"]
[debug] [2019-06-02T20:56:20.813Z] > authorizing via signed-in user
[debug] [2019-06-02T20:56:20.813Z] [iam] checking project nija-smoothies for permissions ["cloudfunctions.functions.create","cloudfunctions.functions.delete","cloudfunctions.functions.get","cloudfunctions.functions.list","cloudfunctions.functions.update","cloudfunctions.operations.get","datastore.indexes.create","datastore.indexes.delete","datastore.indexes.list","datastore.indexes.update","firebase.projects.get","firebasehosting.sites.update"]
[debug] [2019-06-02T20:56:20.817Z] >>> HTTP REQUEST POST https://cloudresourcemanager.googleapis.com/v1/projects/nija-smoothies:testIamPermissions  

[debug] [2019-06-02T20:56:22.579Z] <<< HTTP RESPONSE 200
[debug] [2019-06-02T20:56:22.581Z] >>> HTTP REQUEST GET https://firebase.googleapis.com/v1beta1/projects/nija-smoothies  
 
[debug] [2019-06-02T20:56:23.257Z] <<< HTTP RESPONSE 200
[info] 
[info] === Deploying to 'nija-smoothies'...
[info] 
[info] i  deploying firestore, functions, hosting
[info] i  firestore: checking firestore.rules for compilation errors...
[info] i  firestore: reading indexes from firestore.indexes.json...
[debug] [2019-06-02T20:56:26.792Z] >>> HTTP REQUEST POST https://firebaserules.googleapis.com/v1/projects/nija-smoothies:test  

[debug] [2019-06-02T20:56:28.580Z] <<< HTTP RESPONSE 200
[info] +  firestore: rules file firestore.rules compiled successfully
[debug] [2019-06-02T20:56:28.582Z] > [functions] package.json contents: {
  "name": "functions",
  "description": "Cloud Functions for Firebase",
  "scripts": {
    "serve": "firebase serve --only functions",
    "shell": "firebase functions:shell",
    "start": "npm run shell",
    "deploy": "firebase deploy --only functions",
    "logs": "firebase functions:log"
  },
  "engines": {
    "node": "8"
  },
  "dependencies": {
    "firebase-admin": "~7.0.0",
    "firebase-functions": "^2.3.0"
  },
  "devDependencies": {
    "firebase-functions-test": "^0.1.6"
  },
  "private": true
}
[info] i  functions: ensuring necessary APIs are enabled...
[debug] [2019-06-02T20:56:28.584Z] >>> HTTP REQUEST GET https://servicemanagement.googleapis.com/v1/services/cloudfunctions.googleapis.com/projectSettings/nija-smoothies?view=CONSUMER_VIEW  
 
[debug] [2019-06-02T20:56:28.584Z] >>> HTTP REQUEST GET https://servicemanagement.googleapis.com/v1/services/runtimeconfig.googleapis.com/projectSettings/nija-smoothies?view=CONSUMER_VIEW  
 
[debug] [2019-06-02T20:56:31.363Z] <<< HTTP RESPONSE 200
[debug] [2019-06-02T20:56:31.688Z] <<< HTTP RESPONSE 200
[info] +  functions: all necessary APIs are enabled
[debug] [2019-06-02T20:56:31.690Z] >>> HTTP REQUEST GET https://cloudresourcemanager.googleapis.com/v1/projects/nija-smoothies  
 
[debug] [2019-06-02T20:56:33.308Z] <<< HTTP RESPONSE 200
[debug] [2019-06-02T20:56:33.308Z] >>> HTTP REQUEST GET https://mobilesdk-pa.googleapis.com/v1/projects/528085674573:getServerAppConfig  
 
[debug] [2019-06-02T20:56:33.989Z] <<< HTTP RESPONSE 200
[debug] [2019-06-02T20:56:33.991Z] >>> HTTP REQUEST POST https://firebasehosting.googleapis.com/v1beta1/sites/nija-smoothies/versions  

[debug] [2019-06-02T20:56:45.953Z] <<< HTTP RESPONSE 503
[debug] [2019-06-02T20:56:45.954Z] <<< HTTP RESPONSE BODY
[error] 
[error] Error: HTTP Error: 503, The service is currently unavailable.
[debug] [2019-06-02T20:56:46.492Z] Error Context: {
  "body": {
    "error": {
      "code": 503,
      "message": "The service is currently unavailable.",
      "status": "UNAVAILABLE"
    }
  },
  "response": {
    "statusCode": 503,
    "body": {
      "error": {
        "code": 503,
        "message": "The service is currently unavailable.",
        "status": "UNAVAILABLE"
      }
    },
    "headers": {
      "vary": "X-Origin, Referer, Origin,Accept-Encoding",
      "content-type": "application/json; charset=UTF-8",
      "date": "Sun, 02 Jun 2019 20:56:46 GMT",
      "server": "ESF",
      "cache-control": "private",
      "x-xss-protection": "0",
      "x-frame-options": "SAMEORIGIN",
      "x-content-type-options": "nosniff",
      "alt-svc": "quic=\":443\"; ma=2592000; v=\"46,44,43,39\"",
      "accept-ranges": "none",
      "transfer-encoding": "chunked"
    },
    "request": {
      "uri": {
        "protocol": "https:",
        "slashes": true,
        "auth": null,
        "host": "firebasehosting.googleapis.com",
        "port": 443,
        "hostname": "firebasehosting.googleapis.com",
        "hash": null,
        "search": null,
        "query": null,
        "pathname": "/v1beta1/sites/nija-smoothies/versions",
        "path": "/v1beta1/sites/nija-smoothies/versions",
        "href": "https://firebasehosting.googleapis.com/v1beta1/sites/nija-smoothies/versions"
      },
      "method": "POST"
    }
  }
}
